<?xml version="1.0" encoding="UTF-8"?>
<testsuite xmlns:xsi="http://www.w3.org/2001/XMLSchema-instance" xsi:noNamespaceSchemaLocation="https://maven.apache.org/surefire/maven-surefire-plugin/xsd/surefire-test-report-3.0.xsd" version="3.0" name="UserServiceTest" time="0.071" tests="4" errors="0" skipped="0" failures="0">
  <properties>
[...]
</properties>
  <testcase name="testGender2(String)[1]" classname="UserServiceTest" time="0.026">
    <system-out><![CDATA[开始测码
瞅瞅你码怎么样
男
你码也不咋地
]]></system-out>
  </testcase>
  <testcase name="testGender2(String)[2]" classname="UserServiceTest" time="0.0">
    <system-out><![CDATA[瞅瞅你码怎么样
女
你码也不咋地
]]></system-out>
  </testcase>
  <testcase name="testGetGender" classname="UserServiceTest" time="0.008">
    <system-out><![CDATA[瞅瞅你码怎么样
男
你码也不咋地
]]></system-out>
  </testcase>
  <testcase name="testGetAge" classname="UserServiceTest" time="0.004">
    <system-out><![CDATA[瞅瞅你码怎么样
25
你码也不咋地
]]></system-out>
  </testcase>
</testsuite>